<?xml version="1.0" encoding="UTF-8"?>
<testng-results ignored="0" total="1" passed="1" failed="0" skipped="0">
  <reporter-output>
  </reporter-output>
  <suite started-at="2024-01-17T15:37:30 EST" name="Suite" finished-at="2024-01-17T15:38:28 EST" duration-ms="57122">
    <groups>
    </groups>
    <test started-at="2024-01-17T15:37:30 EST" name="Test" finished-at="2024-01-17T15:38:28 EST" duration-ms="57122">
      <class name="testCases.BIllingDetailesTest">
        <test-method signature="billing()[pri:0, instance:testCases.BIllingDetailesTest@771a660]" started-at="2024-01-17T15:37:30 EST" name="billing" finished-at="2024-01-17T15:38:28 EST" duration-ms="57068" status="PASS">
          <reporter-output>
          </reporter-output>
        </test-method> <!-- billing -->
      </class> <!-- testCases.BIllingDetailesTest -->
    </test> <!-- Test -->
  </suite> <!-- Suite -->
</testng-results>
