<?xml version="1.0" encoding="UTF-8"?>
<testng-results ignored="0" total="1" passed="1" failed="0" skipped="0">
  <reporter-output>
  </reporter-output>
  <suite started-at="2023-12-21T14:37:25 EST" name="Default suite" finished-at="2023-12-21T14:38:16 EST" duration-ms="51131">
    <groups>
    </groups>
    <test started-at="2023-12-21T14:37:25 EST" name="Default test" finished-at="2023-12-21T14:38:16 EST" duration-ms="51131">
      <class name="testCases.BIllingDetailesTest">
        <test-method signature="billing()[pri:0, instance:testCases.BIllingDetailesTest@771a660]" started-at="2023-12-21T14:37:25 EST" name="billing" finished-at="2023-12-21T14:38:16 EST" duration-ms="51091" status="PASS">
          <reporter-output>
          </reporter-output>
        </test-method> <!-- billing -->
      </class> <!-- testCases.BIllingDetailesTest -->
    </test> <!-- Default test -->
  </suite> <!-- Default suite -->
</testng-results>
